
--- Checking 2A in downloads/SRLDC/report_2026-01-02_09-43-00/srldc_02012026.pdf ---
First 50 words: ['Shortage', 'Tamil', 'Nadu', '0', 'Total', 'Thermal', '631', 'Kerala', '-', '1385', 'Evening', 'Peak', '(19:00)', 'MW', 'Maximum', 'requirement,', 'corresponding', 'shortage', 'and', 'demand', 'details', 'for', 'the', 'day', '18:44', '377', '11833', '-1027.71', '14508', '5074', 'State', '1502', '16.83', '22:19', '46088', '418.08', '4333', '14866', '10776', '8770', '10:00', 'Peak', 'MW', '49.99', '11:02', '18.1', '0', '1678', 'Requirement', '0']

--- Checking 2A in downloads/SRLDC/report_2026-01-02_09-43-00/srldc_02012026.pdf ---
First 50 words: ['Shortage', 'Tamil', 'Nadu', '0', 'Total', 'Thermal', '631', 'Kerala', '-', '1385', 'Evening', 'Peak', '(19:00)', 'MW', 'Maximum', 'requirement,', 'corresponding', 'shortage', 'and', 'demand', 'details', 'for', 'the', 'day', '18:44', '377', '11833', '-1027.71', '14508', '5074', 'State', '1502', '16.83', '22:19', '46088', '418.08', '4333', '14866', '10776', '8770', '10:00', 'Peak', 'MW', '49.99', '11:02', '18.1', '0', '1678', 'Requirement', '0']

--- Checking 2A in downloads/SRLDC/report_2026-01-02_09-43-22/srldc_02012026.pdf ---
First 50 words: ['Shortage', 'Tamil', 'Nadu', '0', 'Total', 'Thermal', '631', 'Kerala', '-', '1385', 'Evening', 'Peak', '(19:00)', 'MW', 'Maximum', 'requirement,', 'corresponding', 'shortage', 'and', 'demand', 'details', 'for', 'the', 'day', '18:44', '377', '11833', '-1027.71', '14508', '5074', 'State', '1502', '16.83', '22:19', '46088', '418.08', '4333', '14866', '10776', '8770', '10:00', 'Peak', 'MW', '49.99', '11:02', '18.1', '0', '1678', 'Requirement', '0']

--- Checking 2A in downloads/SRLDC/report_2026-01-02_11-00-10/srldc_02012026.pdf ---
First 50 words: ['Shortage', 'Tamil', 'Nadu', '0', 'Total', 'Thermal', '631', 'Kerala', '-', '1385', 'Evening', 'Peak', '(19:00)', 'MW', 'Maximum', 'requirement,', 'corresponding', 'shortage', 'and', 'demand', 'details', 'for', 'the', 'day', '18:44', '377', '11833', '-1027.71', '14508', '5074', 'State', '1502', '16.83', '22:19', '46088', '418.08', '4333', '14866', '10776', '8770', '10:00', 'Peak', 'MW', '49.99', '11:02', '18.1', '0', '1678', 'Requirement', '0']

--- Checking 2A in downloads/SRLDC/report_2026-01-03_08-00-08/srldc_03012026.pdf ---
First 50 words: ['Shortage', 'Tamil', 'Nadu', '0', 'Total', 'Thermal', '632', 'Kerala', '-', '1432', 'Evening', 'Peak', '(19:00)', 'MW', 'Maximum', 'requirement,', 'corresponding', 'shortage', 'and', 'demand', 'details', 'for', 'the', 'day', '16:22', '428', '11170', '-368.13', '14470', '4332', 'State', '1665', '16.09', '10:54', '49777', '449.24', '4392', '16646', '10950', '8888', '17:30', 'Peak', 'MW', '50.09', '08:15', '17.28', '0', '1688', 'Requirement', '0']

--- Checking 2A in downloads/SRLDC/report_2026-01-03_11-00-02/srldc_03012026.pdf ---
First 50 words: ['Shortage', 'Tamil', 'Nadu', '0', 'Total', 'Thermal', '632', 'Kerala', '-', '1432', 'Evening', 'Peak', '(19:00)', 'MW', 'Maximum', 'requirement,', 'corresponding', 'shortage', 'and', 'demand', 'details', 'for', 'the', 'day', '16:22', '428', '11170', '-368.13', '14470', '4332', 'State', '1665', '16.09', '10:54', '49777', '449.24', '4392', '16646', '10950', '8888', '17:30', 'Peak', 'MW', '50.09', '08:15', '17.28', '0', '1688', 'Requirement', '0']

--- Checking 2A in downloads/SRLDC/report_2026-01-03_11-00-19/srldc_03012026.pdf ---
First 50 words: ['Shortage', 'Tamil', 'Nadu', '0', 'Total', 'Thermal', '632', 'Kerala', '-', '1432', 'Evening', 'Peak', '(19:00)', 'MW', 'Maximum', 'requirement,', 'corresponding', 'shortage', 'and', 'demand', 'details', 'for', 'the', 'day', '16:22', '428', '11170', '-368.13', '14470', '4332', 'State', '1665', '16.09', '10:54', '49777', '449.24', '4392', '16646', '10950', '8888', '17:30', 'Peak', 'MW', '50.09', '08:15', '17.28', '0', '1688', 'Requirement', '0']

--- Checking 2A in downloads/SRLDC/report_2026-01-04_08-00-07/srldc_04012026.pdf ---
First 50 words: ['Shortage', 'Tamil', 'Nadu', '0', 'Total', 'Thermal', '631', 'Kerala', '-', '1448', 'Evening', 'Peak', '(19:00)', 'MW', 'Maximum', 'requirement,', 'corresponding', 'shortage', 'and', 'demand', 'details', 'for', 'the', 'day', '19:47', '410', '11372', '-632.01', '14423', '4341', 'State', '2084', '17.41', '15:18', '48593', '300.85', '4409', '16239', '10925', '8861', '17:30', 'Peak', 'MW', '50.04', '16:31', '15.6', '0', '1485', 'Requirement', '0']

--- Checking 2A in downloads/SRLDC/report_2026-01-04_11-00-02/srldc_04012026.pdf ---
First 50 words: ['Shortage', 'Tamil', 'Nadu', '0', 'Total', 'Thermal', '631', 'Kerala', '-', '1448', 'Evening', 'Peak', '(19:00)', 'MW', 'Maximum', 'requirement,', 'corresponding', 'shortage', 'and', 'demand', 'details', 'for', 'the', 'day', '19:47', '410', '11372', '-632.01', '14423', '4341', 'State', '2084', '17.41', '15:18', '48593', '300.85', '4409', '16239', '10925', '8861', '17:30', 'Peak', 'MW', '50.04', '16:31', '15.6', '0', '1485', 'Requirement', '0']

--- Checking 2A in downloads/SRLDC/report_2026-01-04_11-00-20/srldc_04012026.pdf ---
First 50 words: ['Shortage', 'Tamil', 'Nadu', '0', 'Total', 'Thermal', '631', 'Kerala', '-', '1448', 'Evening', 'Peak', '(19:00)', 'MW', 'Maximum', 'requirement,', 'corresponding', 'shortage', 'and', 'demand', 'details', 'for', 'the', 'day', '19:47', '410', '11372', '-632.01', '14423', '4341', 'State', '2084', '17.41', '15:18', '48593', '300.85', '4409', '16239', '10925', '8861', '17:30', 'Peak', 'MW', '50.04', '16:31', '15.6', '0', '1485', 'Requirement', '0']

--- Checking 2A in downloads/SRLDC/report_2026-01-05_08-00-07/srldc_05012026.pdf ---
First 50 words: ['Shortage', 'Tamil', 'Nadu', '0', 'Total', 'Thermal', '632', 'Kerala', '-', '1413', 'Evening', 'Peak', '(19:00)', 'MW', 'Maximum', 'requirement,', 'corresponding', 'shortage', 'and', 'demand', 'details', 'for', 'the', 'day', '08:57', '353', '11392', '-470.89', '14120', '4296', 'State', '2072', '18.23', '00:08', '45109', '316.2', '3969', '14406', '10811', '8699', '18:30', 'Peak', 'MW', '50', '07:53', '11.22', '0', '1035', 'Requirement', '0']

--- Checking 2A in downloads/SRLDC/report_2026-01-05_08-00-26/srldc_05012026.pdf ---
First 50 words: ['Shortage', 'Tamil', 'Nadu', '0', 'Total', 'Thermal', '632', 'Kerala', '-', '1413', 'Evening', 'Peak', '(19:00)', 'MW', 'Maximum', 'requirement,', 'corresponding', 'shortage', 'and', 'demand', 'details', 'for', 'the', 'day', '08:57', '353', '11392', '-470.89', '14120', '4296', 'State', '2072', '18.23', '00:08', '45109', '316.2', '3969', '14406', '10811', '8699', '18:30', 'Peak', 'MW', '50', '07:53', '11.22', '0', '1035', 'Requirement', '0']

--- Checking 2A in downloads/SRLDC/report_2026-01-05_08-00-43/srldc_05012026.pdf ---
First 50 words: ['Shortage', 'Tamil', 'Nadu', '0', 'Total', 'Thermal', '632', 'Kerala', '-', '1413', 'Evening', 'Peak', '(19:00)', 'MW', 'Maximum', 'requirement,', 'corresponding', 'shortage', 'and', 'demand', 'details', 'for', 'the', 'day', '08:57', '353', '11392', '-470.89', '14120', '4296', 'State', '2072', '18.23', '00:08', '45109', '316.2', '3969', '14406', '10811', '8699', '18:30', 'Peak', 'MW', '50', '07:53', '11.22', '0', '1035', 'Requirement', '0']

--- Checking 2A in downloads/SRLDC/report_2026-01-05_08-01-00/srldc_05012026.pdf ---
First 50 words: ['Shortage', 'Tamil', 'Nadu', '0', 'Total', 'Thermal', '632', 'Kerala', '-', '1413', 'Evening', 'Peak', '(19:00)', 'MW', 'Maximum', 'requirement,', 'corresponding', 'shortage', 'and', 'demand', 'details', 'for', 'the', 'day', '08:57', '353', '11392', '-470.89', '14120', '4296', 'State', '2072', '18.23', '00:08', '45109', '316.2', '3969', '14406', '10811', '8699', '18:30', 'Peak', 'MW', '50', '07:53', '11.22', '0', '1035', 'Requirement', '0']

--- Checking 2A in downloads/SRLDC/report_2026-01-05_11-00-02/srldc_05012026.pdf ---
First 50 words: ['Shortage', 'Tamil', 'Nadu', '0', 'Total', 'Thermal', '632', 'Kerala', '-', '1413', 'Evening', 'Peak', '(19:00)', 'MW', 'Maximum', 'requirement,', 'corresponding', 'shortage', 'and', 'demand', 'details', 'for', 'the', 'day', '08:57', '353', '11392', '-470.89', '14120', '4296', 'State', '2072', '18.23', '00:08', '45109', '316.2', '3969', '14406', '10811', '8699', '18:30', 'Peak', 'MW', '50', '07:53', '11.22', '0', '1035', 'Requirement', '0']

--- Checking 2A in downloads/SRLDC/report_2026-01-05_11-00-18/srldc_05012026.pdf ---
First 50 words: ['Shortage', 'Tamil', 'Nadu', '0', 'Total', 'Thermal', '632', 'Kerala', '-', '1413', 'Evening', 'Peak', '(19:00)', 'MW', 'Maximum', 'requirement,', 'corresponding', 'shortage', 'and', 'demand', 'details', 'for', 'the', 'day', '08:57', '353', '11392', '-470.89', '14120', '4296', 'State', '2072', '18.23', '00:08', '45109', '316.2', '3969', '14406', '10811', '8699', '18:30', 'Peak', 'MW', '50', '07:53', '11.22', '0', '1035', 'Requirement', '0']

--- Checking 2A in downloads/SRLDC/report_2026-01-06_08-00-07/srldc_06012026.pdf ---
First 50 words: ['Shortage', 'Tamil', 'Nadu', '0', 'Total', 'Thermal', '634', 'Kerala', '-', '1493', 'Evening', 'Peak', '(19:00)', 'MW', 'Maximum', 'requirement,', 'corresponding', 'shortage', 'and', 'demand', 'details', 'for', 'the', 'day', '09:24', '409', '11442', '-641.93', '14814', '4245', 'State', '2052', '18.81', '19:25', '49716', '198.02', '4462', '16649', '11049', '8865', '18:00', 'Peak', 'MW', '50.06', '17:27', '13.72', '0', '1386', 'Requirement', '0']

--- Checking 2A in downloads/SRLDC/report_2026-01-06_08-00-26/srldc_06012026.pdf ---
First 50 words: ['Shortage', 'Tamil', 'Nadu', '0', 'Total', 'Thermal', '634', 'Kerala', '-', '1493', 'Evening', 'Peak', '(19:00)', 'MW', 'Maximum', 'requirement,', 'corresponding', 'shortage', 'and', 'demand', 'details', 'for', 'the', 'day', '09:24', '409', '11442', '-641.93', '14814', '4245', 'State', '2052', '18.81', '19:25', '49716', '198.02', '4462', '16649', '11049', '8865', '18:00', 'Peak', 'MW', '50.06', '17:27', '13.72', '0', '1386', 'Requirement', '0']

--- Checking 2A in downloads/SRLDC/report_2026-01-06_08-00-43/srldc_06012026.pdf ---
First 50 words: ['Shortage', 'Tamil', 'Nadu', '0', 'Total', 'Thermal', '634', 'Kerala', '-', '1493', 'Evening', 'Peak', '(19:00)', 'MW', 'Maximum', 'requirement,', 'corresponding', 'shortage', 'and', 'demand', 'details', 'for', 'the', 'day', '09:24', '409', '11442', '-641.93', '14814', '4245', 'State', '2052', '18.81', '19:25', '49716', '198.02', '4462', '16649', '11049', '8865', '18:00', 'Peak', 'MW', '50.06', '17:27', '13.72', '0', '1386', 'Requirement', '0']

--- Checking 2A in downloads/SRLDC/report_2026-01-06_08-01-00/srldc_06012026.pdf ---
First 50 words: ['Shortage', 'Tamil', 'Nadu', '0', 'Total', 'Thermal', '634', 'Kerala', '-', '1493', 'Evening', 'Peak', '(19:00)', 'MW', 'Maximum', 'requirement,', 'corresponding', 'shortage', 'and', 'demand', 'details', 'for', 'the', 'day', '09:24', '409', '11442', '-641.93', '14814', '4245', 'State', '2052', '18.81', '19:25', '49716', '198.02', '4462', '16649', '11049', '8865', '18:00', 'Peak', 'MW', '50.06', '17:27', '13.72', '0', '1386', 'Requirement', '0']

--- Checking 2A in downloads/SRLDC/report_2026-01-06_11-00-02/srldc_06012026.pdf ---
First 50 words: ['Shortage', 'Tamil', 'Nadu', '0', 'Total', 'Thermal', '634', 'Kerala', '-', '1493', 'Evening', 'Peak', '(19:00)', 'MW', 'Maximum', 'requirement,', 'corresponding', 'shortage', 'and', 'demand', 'details', 'for', 'the', 'day', '09:24', '409', '11442', '-641.93', '14814', '4245', 'State', '2052', '18.81', '19:25', '49716', '198.02', '4462', '16649', '11049', '8865', '18:00', 'Peak', 'MW', '50.06', '17:27', '13.72', '0', '1386', 'Requirement', '0']

--- Checking 2A in downloads/SRLDC/report_2026-01-06_11-00-19/srldc_06012026.pdf ---
First 50 words: ['Shortage', 'Tamil', 'Nadu', '0', 'Total', 'Thermal', '634', 'Kerala', '-', '1493', 'Evening', 'Peak', '(19:00)', 'MW', 'Maximum', 'requirement,', 'corresponding', 'shortage', 'and', 'demand', 'details', 'for', 'the', 'day', '09:24', '409', '11442', '-641.93', '14814', '4245', 'State', '2052', '18.81', '19:25', '49716', '198.02', '4462', '16649', '11049', '8865', '18:00', 'Peak', 'MW', '50.06', '17:27', '13.72', '0', '1386', 'Requirement', '0']

--- Checking 2A in downloads/SRLDC/report_2026-01-07_08-00-06/srldc_07012026.pdf ---
First 50 words: ['Shortage', 'Tamil', 'Nadu', '0', 'Total', 'Thermal', '633', 'Kerala', '-', '1346', 'Evening', 'Peak', '(19:00)', 'MW', 'Maximum', 'requirement,', 'corresponding', 'shortage', 'and', 'demand', 'details', 'for', 'the', 'day', '16:38', '411', '11498', '-577.94', '15231', '4292', 'State', '1491', '21.33', '06:44', '49670', '199.91', '4439', '16887', '11277', '8956', '07:30', 'Peak', 'MW', '50.03', '20:01', '17.81', '0', '1784', 'Requirement', '0']

--- Checking 2A in downloads/SRLDC/report_2026-01-07_11-00-02/srldc_07012026.pdf ---
First 50 words: ['Shortage', 'Tamil', 'Nadu', '0', 'Total', 'Thermal', '633', 'Kerala', '-', '1346', 'Evening', 'Peak', '(19:00)', 'MW', 'Maximum', 'requirement,', 'corresponding', 'shortage', 'and', 'demand', 'details', 'for', 'the', 'day', '16:38', '411', '11498', '-577.94', '15231', '4292', 'State', '1491', '21.33', '06:44', '49670', '199.91', '4439', '16887', '11277', '8956', '07:30', 'Peak', 'MW', '50.03', '20:01', '17.81', '0', '1784', 'Requirement', '0']

--- Checking 2A in downloads/SRLDC/report_2026-01-07_11-00-19/srldc_07012026.pdf ---
First 50 words: ['Shortage', 'Tamil', 'Nadu', '0', 'Total', 'Thermal', '633', 'Kerala', '-', '1346', 'Evening', 'Peak', '(19:00)', 'MW', 'Maximum', 'requirement,', 'corresponding', 'shortage', 'and', 'demand', 'details', 'for', 'the', 'day', '16:38', '411', '11498', '-577.94', '15231', '4292', 'State', '1491', '21.33', '06:44', '49670', '199.91', '4439', '16887', '11277', '8956', '07:30', 'Peak', 'MW', '50.03', '20:01', '17.81', '0', '1784', 'Requirement', '0']

--- Checking 2A in downloads/SRLDC/report_2026-01-08_08-00-07/srldc_08012026.pdf ---
First 50 words: ['Shortage', 'Tamil', 'Nadu', '0', 'Total', 'Thermal', '634', 'Kerala', '-', '1349', 'Evening', 'Peak', '(19:00)', 'MW', 'Maximum', 'requirement,', 'corresponding', 'shortage', 'and', 'demand', 'details', 'for', 'the', 'day', '18:58', '411', '11530', '-570.78', '15019', '4199', 'State', '2057', '23.15', '16:03', '49247', '335.57', '4470', '16351', '11327', '8882', '07:30', 'Peak', 'MW', '50.04', '08:30', '16.4', '0', '1596', 'Requirement', '0']

--- Checking 2A in downloads/SRLDC/report_2026-01-08_11-00-02/srldc_08012026.pdf ---
First 50 words: ['Shortage', 'Tamil', 'Nadu', '0', 'Total', 'Thermal', '634', 'Kerala', '-', '1349', 'Evening', 'Peak', '(19:00)', 'MW', 'Maximum', 'requirement,', 'corresponding', 'shortage', 'and', 'demand', 'details', 'for', 'the', 'day', '18:58', '411', '11530', '-570.78', '15019', '4199', 'State', '2057', '23.15', '16:03', '49247', '335.57', '4470', '16351', '11327', '8882', '07:30', 'Peak', 'MW', '50.04', '08:30', '16.4', '0', '1596', 'Requirement', '0']

--- Checking 2A in downloads/SRLDC/report_2026-01-08_11-00-19/srldc_08012026.pdf ---
First 50 words: ['Shortage', 'Tamil', 'Nadu', '0', 'Total', 'Thermal', '634', 'Kerala', '-', '1349', 'Evening', 'Peak', '(19:00)', 'MW', 'Maximum', 'requirement,', 'corresponding', 'shortage', 'and', 'demand', 'details', 'for', 'the', 'day', '18:58', '411', '11530', '-570.78', '15019', '4199', 'State', '2057', '23.15', '16:03', '49247', '335.57', '4470', '16351', '11327', '8882', '07:30', 'Peak', 'MW', '50.04', '08:30', '16.4', '0', '1596', 'Requirement', '0']

--- Checking 2A in downloads/SRLDC/report_2026-01-09_08-00-06/srldc_09012026.pdf ---
First 50 words: ['Shortage', 'Tamil', 'Nadu', '0', 'Total', 'Thermal', '635', 'Kerala', '-', '1182', 'Evening', 'Peak', '(19:00)', 'MW', 'Maximum', 'requirement,', 'corresponding', 'shortage', 'and', 'demand', 'details', 'for', 'the', 'day', '08:32', '415', '11713', '-845.93', '15141', '4572', 'State', '2215', '22.8', '06:45', '50804', '313.08', '4385', '17085', '11539', '8972', '19:00', 'Peak', 'MW', '50.03', '17:31', '15.77', '0', '1574', 'Requirement', '0']

--- Checking 2A in downloads/SRLDC/report_2026-01-09_11-00-02/srldc_09012026.pdf ---
First 50 words: ['Shortage', 'Tamil', 'Nadu', '0', 'Total', 'Thermal', '635', 'Kerala', '-', '1182', 'Evening', 'Peak', '(19:00)', 'MW', 'Maximum', 'requirement,', 'corresponding', 'shortage', 'and', 'demand', 'details', 'for', 'the', 'day', '08:32', '415', '11713', '-845.93', '15141', '4572', 'State', '2215', '22.8', '06:45', '50804', '313.08', '4385', '17085', '11539', '8972', '19:00', 'Peak', 'MW', '50.03', '17:31', '15.77', '0', '1574', 'Requirement', '0']

--- Checking 2A in downloads/SRLDC/report_2026-01-09_11-00-19/srldc_09012026.pdf ---
First 50 words: ['Shortage', 'Tamil', 'Nadu', '0', 'Total', 'Thermal', '635', 'Kerala', '-', '1182', 'Evening', 'Peak', '(19:00)', 'MW', 'Maximum', 'requirement,', 'corresponding', 'shortage', 'and', 'demand', 'details', 'for', 'the', 'day', '08:32', '415', '11713', '-845.93', '15141', '4572', 'State', '2215', '22.8', '06:45', '50804', '313.08', '4385', '17085', '11539', '8972', '19:00', 'Peak', 'MW', '50.03', '17:31', '15.77', '0', '1574', 'Requirement', '0']

--- Checking 2A in downloads/SRLDC/report_2026-01-10_08-00-08/srldc_10012026.pdf ---
First 50 words: ['Shortage', 'Tamil', 'Nadu', '0', 'Total', 'Thermal', '634', 'Kerala', '-', '917', 'Evening', 'Peak', '(19:00)', 'MW', 'Maximum', 'requirement,', 'corresponding', 'shortage', 'and', 'demand', 'details', 'for', 'the', 'day', '06:54', '412', '12024', '-754.05', '15528', '4398', 'State', '2089', '22.64', '15:40', '49618', '378.55', '4385', '16124', '11771', '9132', '07:40', 'Peak', 'MW', '50.08', '16:30', '15.75', '0', '1774', 'Requirement', '0']

--- Checking 2A in downloads/SRLDC/report_2026-01-10_11-00-02/srldc_10012026.pdf ---
First 50 words: ['Shortage', 'Tamil', 'Nadu', '0', 'Total', 'Thermal', '634', 'Kerala', '-', '917', 'Evening', 'Peak', '(19:00)', 'MW', 'Maximum', 'requirement,', 'corresponding', 'shortage', 'and', 'demand', 'details', 'for', 'the', 'day', '06:54', '412', '12024', '-754.05', '15528', '4398', 'State', '2089', '22.64', '15:40', '49618', '378.55', '4385', '16124', '11771', '9132', '07:40', 'Peak', 'MW', '50.08', '16:30', '15.75', '0', '1774', 'Requirement', '0']

--- Checking 2A in downloads/SRLDC/report_2026-01-10_11-00-20/srldc_10012026.pdf ---
First 50 words: ['Shortage', 'Tamil', 'Nadu', '0', 'Total', 'Thermal', '634', 'Kerala', '-', '917', 'Evening', 'Peak', '(19:00)', 'MW', 'Maximum', 'requirement,', 'corresponding', 'shortage', 'and', 'demand', 'details', 'for', 'the', 'day', '06:54', '412', '12024', '-754.05', '15528', '4398', 'State', '2089', '22.64', '15:40', '49618', '378.55', '4385', '16124', '11771', '9132', '07:40', 'Peak', 'MW', '50.08', '16:30', '15.75', '0', '1774', 'Requirement', '0']

--- Checking 2A in downloads/SRLDC/report_2026-01-11_08-00-08/srldc_11012026.pdf ---
First 50 words: ['Shortage', 'Tamil', 'Nadu', '0', 'Total', 'Thermal', '632', 'Kerala', '-', '909', 'Evening', 'Peak', '(19:00)', 'MW', 'Maximum', 'requirement,', 'corresponding', 'shortage', 'and', 'demand', 'details', 'for', 'the', 'day', '08:24', '389', '11764', '-1111.74', '15180', '4386', 'State', '2091', '17.23', '09:44', '48141', '245.93', '4379', '15417', '11395', '8927', '17:00', 'Peak', 'MW', '50.06', '22:47', '18.29', '0', '1724', 'Requirement', '0']

--- Checking 2A in downloads/SRLDC/report_2026-01-11_11-00-03/srldc_11012026.pdf ---
First 50 words: ['Shortage', 'Tamil', 'Nadu', '0', 'Total', 'Thermal', '632', 'Kerala', '-', '909', 'Evening', 'Peak', '(19:00)', 'MW', 'Maximum', 'requirement,', 'corresponding', 'shortage', 'and', 'demand', 'details', 'for', 'the', 'day', '08:24', '389', '11764', '-1111.74', '15180', '4386', 'State', '2091', '17.23', '09:44', '48141', '245.93', '4379', '15417', '11395', '8927', '17:00', 'Peak', 'MW', '50.06', '22:47', '18.29', '0', '1724', 'Requirement', '0']

--- Checking 2A in downloads/SRLDC/report_2026-01-11_11-00-20/srldc_11012026.pdf ---
First 50 words: ['Shortage', 'Tamil', 'Nadu', '0', 'Total', 'Thermal', '632', 'Kerala', '-', '909', 'Evening', 'Peak', '(19:00)', 'MW', 'Maximum', 'requirement,', 'corresponding', 'shortage', 'and', 'demand', 'details', 'for', 'the', 'day', '08:24', '389', '11764', '-1111.74', '15180', '4386', 'State', '2091', '17.23', '09:44', '48141', '245.93', '4379', '15417', '11395', '8927', '17:00', 'Peak', 'MW', '50.06', '22:47', '18.29', '0', '1724', 'Requirement', '0']

--- Checking 2A in downloads/SRLDC/report_2026-01-12_08-00-07/srldc_12012026.pdf ---
First 50 words: ['Shortage', 'Tamil', 'Nadu', '0', 'Total', 'Thermal', '635', 'Kerala', '-', 'Evening', 'Peak', '(19:00)', 'MW', '1325', 'Maximum', 'requirement,', 'corresponding', 'shortage', 'and', 'demand', 'details', 'for', 'the', 'day', '00:07', '355', '11405', '-790.89', '14545', '14502', 'State', '1556', '19.34', '09:01', '13743', '08:44', '44125', '3960', '345.04', '12:02', '4435', '10996', '8586', '06:00', '60.53', '4.13', '61.76', '50.08', '12:46', '14.92']

--- Checking 2A in downloads/SRLDC/report_2026-01-12_11-00-02/srldc_12012026.pdf ---
First 50 words: ['Shortage', 'Tamil', 'Nadu', '0', 'Total', 'Thermal', '635', 'Kerala', '-', 'Evening', 'Peak', '(19:00)', 'MW', '1325', 'Maximum', 'requirement,', 'corresponding', 'shortage', 'and', 'demand', 'details', 'for', 'the', 'day', '00:07', '355', '11405', '-790.89', '14545', '14502', 'State', '1556', '19.34', '09:01', '13743', '08:44', '44125', '3960', '345.04', '12:02', '4435', '10996', '8586', '06:00', '60.53', '4.13', '61.76', '50.08', '12:46', '14.92']

--- Checking 2A in downloads/SRLDC/report_2026-01-12_11-00-19/srldc_12012026.pdf ---
First 50 words: ['Shortage', 'Tamil', 'Nadu', '0', 'Total', 'Thermal', '635', 'Kerala', '-', 'Evening', 'Peak', '(19:00)', 'MW', '1325', 'Maximum', 'requirement,', 'corresponding', 'shortage', 'and', 'demand', 'details', 'for', 'the', 'day', '00:07', '355', '11405', '-790.89', '14545', '14502', 'State', '1556', '19.34', '09:01', '13743', '08:44', '44125', '3960', '345.04', '12:02', '4435', '10996', '8586', '06:00', '60.53', '4.13', '61.76', '50.08', '12:46', '14.92']

--- Checking 2A in downloads/SRLDC/report_2026-01-13_08-00-11/srldc_13012026.pdf ---
First 50 words: ['Shortage', 'Tamil', 'Nadu', '0', 'Total', 'Thermal', '633', 'Kerala', '-', 'Evening', 'Peak', '(19:00)', 'MW', 'Maximum', 'requirement,', 'corresponding', 'shortage', 'and', 'demand', 'details', 'for', 'the', 'day', '19:25', '386', '11750', '-507.39', '15316', '1429', '3815', 'State', '1929', '18.07', '242.49', '08:58', '16106', '15873', '08:25', '48869', '4572', '09:29', '11246', '8820', '18:25', 'Peak', 'MW', '54.77', '3.52', '63.66', '50.06']

--- Checking 2A in downloads/SRLDC/report_2026-01-13_11-00-02/srldc_13012026.pdf ---
First 50 words: ['Shortage', 'Tamil', 'Nadu', '0', 'Total', 'Thermal', '633', 'Kerala', '-', 'Evening', 'Peak', '(19:00)', 'MW', 'Maximum', 'requirement,', 'corresponding', 'shortage', 'and', 'demand', 'details', 'for', 'the', 'day', '19:25', '386', '11750', '-507.39', '15316', '1429', '3815', 'State', '1929', '18.07', '242.49', '08:58', '16106', '15873', '08:25', '48869', '4572', '09:29', '11246', '8820', '18:25', 'Peak', 'MW', '54.77', '3.52', '63.66', '50.06']

--- Checking 2A in downloads/SRLDC/report_2026-01-13_11-00-19/srldc_13012026.pdf ---
First 50 words: ['Shortage', 'Tamil', 'Nadu', '0', 'Total', 'Thermal', '633', 'Kerala', '-', 'Evening', 'Peak', '(19:00)', 'MW', 'Maximum', 'requirement,', 'corresponding', 'shortage', 'and', 'demand', 'details', 'for', 'the', 'day', '19:25', '386', '11750', '-507.39', '15316', '1429', '3815', 'State', '1929', '18.07', '242.49', '08:58', '16106', '15873', '08:25', '48869', '4572', '09:29', '11246', '8820', '18:25', 'Peak', 'MW', '54.77', '3.52', '63.66', '50.06']

--- Checking 2A in downloads/SRLDC/report_2026-01-15_10-30-52/srldc_15012026.pdf ---
First 50 words: ['Shortage', 'Tamil', 'Nadu', '0', 'Total', 'Thermal', '632', 'Kerala', '-', 'Evening', 'Peak', '(19:00)', 'MW', 'Maximum', 'requirement,', 'corresponding', 'shortage', 'and', 'demand', 'details', 'for', 'the', 'day', '07:26', '397', '11909', '-541.44', '15448', '935', '4325', 'State', '1830', '19.18', '225.08', '09:29', '15967', '15437', '12:51', '48078', '4656', '09:41', '11482', '8817', '06:00', 'Peak', 'MW', '62.04', '4.13', '68.33', '50.06']

--- Checking 2A in downloads/SRLDC/report_2026-01-16_10-35-32/srldc_16012026.pdf ---
First 50 words: ['Shortage', 'Tamil', 'Nadu', '0', 'Total', 'Thermal', '632', 'Kerala', '-', 'Evening', 'Peak', '(19:00)', 'MW', 'Maximum', 'requirement,', 'corresponding', 'shortage', 'and', 'demand', 'details', 'for', 'the', 'day', '09:20', '335', '11719', '-486.3', '14565', '924', '4328', 'State', '1787', '18.89', '299.18', '12:02', '13250', '11781', '20:06', '42261', '4668', '09:29', '11020', '8505', '08:24', 'Peak', 'MW', '62.9', '3.21', '71.6', '50.04']

--- Checking 2A in downloads/SRLDC/report_2026-01-17_10-37-06/srldc_17012026.pdf ---
First 50 words: ['Shortage', 'Tamil', 'Nadu', '0', 'Total', 'Thermal', '631', 'Kerala', '-', 'Evening', 'Peak', '(19:00)', 'MW', 'Maximum', 'requirement,', 'corresponding', 'shortage', 'and', 'demand', 'details', 'for', 'the', 'day', '07:26', '315', '11186', '-639.91', '15027', '950', '4223', 'State', '1876', '22.09', '325.13', '11:02', '12475', '12107', '18:04', '44398', '4661', '09:42', '11324', '8372', '10:00', 'Peak', 'MW', '56.16', '3.46', '70.59', '50.08']

--- Checking 2A in downloads/SRLDC/report_2026-01-18_10-38-53/srldc_18012026.pdf ---
First 50 words: ['08:31', '14.05', '0.27', '18:54', '505.55', '5.09', '6.93', '319', 'Time', '0', 'Demand', 'Met', '266.69', '140.07', '-0.12', '-0.71', '(MW)', '09:22', 'UI', '9:24', '-2.16', '14.14', '0', 'HYDRO', '303.66', '7.05', '8.5', '86.93', 'Andhra', 'Pradesh', '0', '0', 'SEIL', 'P2', 'Unit-2', '(', '1*660', ')', 'Region', '305.82', '03:00', '8911', '0', 'Shortage', '0', 'Availability', '319', '0', '19:02', '257']

--- Checking 2A in downloads/SRLDC/report_2026-01-19_11-00-09/srldc_19012026.pdf ---
First 50 words: ['Shortage', 'Tamil', 'Nadu', '0', 'Total', 'Thermal', '634', 'Kerala', '-', 'Evening', 'Peak', '(19:00)', 'MW', 'Maximum', 'requirement,', 'corresponding', 'shortage', 'and', 'demand', 'details', 'for', 'the', 'day', '06:59', '321', '11549', '-510.47', '15191', '804', '4350', 'State', '1852', '23.89', '326.57', '10:42', '13972', '13667', '19:44', '44502', '4003', '09:40', '11449', '8844', '06:00', 'Peak', 'MW', '70.62', '3.15', '62.47', '50.03']
